<?xml version="1.0" encoding="UTF-8" ?>
<testsuite errors="0" failures="0" hostname="MW313" name="triangle.TestTriangle" skipped="0" tests="6" time="0.078" timestamp="2020-02-25T15:41:57">
  <properties>
[...]
</properties>
  <testcase classname="triangle.TestTriangle" name="testGetTriangleTypeScalene" time="0.0" />
  <testcase classname="triangle.TestTriangle" name="testGetTriangleTypeInvalidWithLengthEqualZero" time="0.0" />
  <testcase classname="triangle.TestTriangle" name="testGetTriangleTypeInvalidWithLengthNegative" time="0.0" />
  <testcase classname="triangle.TestTriangle" name="testGetTriangleTypeEquilateral" time="0.0" />
  <testcase classname="triangle.TestTriangle" name="testGetTriangleTypeInvalidWithLengthTooBig" time="0.0" />
  <testcase classname="triangle.TestTriangle" name="testGetTriangleTypeIsoscele" time="0.0" />
  <system-out><![CDATA[]]></system-out>
  <system-err><![CDATA[]]></system-err>
</testsuite>
